{"E:\\_business\\Nexus\\conaughe\\backend\\server.js": {"path":"E:\\_business\\Nexus\\conaughe\\backend\\server.js","statementMap":{"0":{"start":{"line":2,"column":0},"end":{"line":2,"column":27}},"1":{"start":{"line":3,"column":16},"end":{"line":3,"column":34}},"2":{"start":{"line":4,"column":17},"end":{"line":4,"column":36}},"3":{"start":{"line":5,"column":13},"end":{"line":5,"column":28}},"4":{"start":{"line":6,"column":15},"end":{"line":6,"column":32}},"5":{"start":{"line":7,"column":18},"end":{"line":7,"column":47}},"6":{"start":{"line":8,"column":22},"end":{"line":8,"column":55}},"7":{"start":{"line":9,"column":12},"end":{"line":9,"column":32}},"8":{"start":{"line":10,"column":12},"end":{"line":10,"column":26}},"9":{"start":{"line":11,"column":20},"end":{"line":11,"column":42}},"10":{"start":{"line":12,"column":16},"end":{"line":12,"column":34}},"11":{"start":{"line":13,"column":16},"end":{"line":13,"column":43}},"12":{"start":{"line":14,"column":46},"end":{"line":14,"column":68}},"13":{"start":{"line":15,"column":22},"end":{"line":15,"column":51}},"14":{"start":{"line":18,"column":19},"end":{"line":18,"column":49}},"15":{"start":{"line":19,"column":24},"end":{"line":19,"column":59}},"16":{"start":{"line":20,"column":22},"end":{"line":20,"column":55}},"17":{"start":{"line":21,"column":25},"end":{"line":21,"column":55}},"18":{"start":{"line":25,"column":21},"end":{"line":25,"column":57}},"19":{"start":{"line":26,"column":20},"end":{"line":26,"column":48}},"20":{"start":{"line":29,"column":0},"end":{"line":108,"column":1}},"21":{"start":{"line":30,"column":4},"end":{"line":30,"column":52}},"22":{"start":{"line":33,"column":4},"end":{"line":35,"column":5}},"23":{"start":{"line":33,"column":17},"end":{"line":33,"column":18}},"24":{"start":{"line":34,"column":8},"end":{"line":34,"column":23}},"25":{"start":{"line":37,"column":4},"end":{"line":41,"column":7}},"26":{"start":{"line":38,"column":8},"end":{"line":38,"column":57}},"27":{"start":{"line":40,"column":8},"end":{"line":40,"column":23}},"28":{"start":{"line":43,"column":16},"end":{"line":43,"column":25}},"29":{"start":{"line":46,"column":4},"end":{"line":46,"column":22}},"30":{"start":{"line":47,"column":4},"end":{"line":47,"column":29}},"31":{"start":{"line":48,"column":4},"end":{"line":48,"column":19}},"32":{"start":{"line":49,"column":4},"end":{"line":49,"column":19}},"33":{"start":{"line":52,"column":20},"end":{"line":55,"column":6}},"34":{"start":{"line":56,"column":4},"end":{"line":56,"column":30}},"35":{"start":{"line":59,"column":4},"end":{"line":59,"column":27}},"36":{"start":{"line":60,"column":4},"end":{"line":60,"column":45}},"37":{"start":{"line":61,"column":4},"end":{"line":64,"column":8}},"38":{"start":{"line":67,"column":4},"end":{"line":67,"column":40}},"39":{"start":{"line":68,"column":4},"end":{"line":68,"column":51}},"40":{"start":{"line":69,"column":4},"end":{"line":69,"column":47}},"41":{"start":{"line":70,"column":4},"end":{"line":70,"column":52}},"42":{"start":{"line":76,"column":4},"end":{"line":78,"column":5}},"43":{"start":{"line":77,"column":8},"end":{"line":77,"column":27}},"44":{"start":{"line":83,"column":4},"end":{"line":86,"column":7}},"45":{"start":{"line":84,"column":8},"end":{"line":84,"column":49}},"46":{"start":{"line":85,"column":8},"end":{"line":85,"column":54}},"47":{"start":{"line":85,"column":37},"end":{"line":85,"column":52}},"48":{"start":{"line":88,"column":4},"end":{"line":91,"column":7}},"49":{"start":{"line":89,"column":8},"end":{"line":89,"column":48}},"50":{"start":{"line":90,"column":8},"end":{"line":90,"column":54}},"51":{"start":{"line":90,"column":37},"end":{"line":90,"column":52}},"52":{"start":{"line":94,"column":4},"end":{"line":94,"column":26}},"53":{"start":{"line":97,"column":4},"end":{"line":97,"column":25}},"54":{"start":{"line":101,"column":4},"end":{"line":106,"column":5}},"55":{"start":{"line":102,"column":21},"end":{"line":102,"column":45}},"56":{"start":{"line":103,"column":8},"end":{"line":105,"column":11}},"57":{"start":{"line":104,"column":12},"end":{"line":104,"column":58}}},"fnMap":{"0":{"name":"(anonymous_0)","decl":{"start":{"line":37,"column":23},"end":{"line":37,"column":24}},"loc":{"start":{"line":37,"column":49},"end":{"line":41,"column":5}},"line":37},"1":{"name":"(anonymous_1)","decl":{"start":{"line":83,"column":26},"end":{"line":83,"column":27}},"loc":{"start":{"line":83,"column":32},"end":{"line":86,"column":5}},"line":83},"2":{"name":"(anonymous_2)","decl":{"start":{"line":85,"column":31},"end":{"line":85,"column":32}},"loc":{"start":{"line":85,"column":37},"end":{"line":85,"column":52}},"line":85},"3":{"name":"(anonymous_3)","decl":{"start":{"line":88,"column":25},"end":{"line":88,"column":26}},"loc":{"start":{"line":88,"column":31},"end":{"line":91,"column":5}},"line":88},"4":{"name":"(anonymous_4)","decl":{"start":{"line":90,"column":31},"end":{"line":90,"column":32}},"loc":{"start":{"line":90,"column":37},"end":{"line":90,"column":52}},"line":90},"5":{"name":"(anonymous_5)","decl":{"start":{"line":103,"column":34},"end":{"line":103,"column":35}},"loc":{"start":{"line":103,"column":40},"end":{"line":105,"column":9}},"line":103}},"branchMap":{"0":{"loc":{"start":{"line":29,"column":0},"end":{"line":108,"column":1}},"type":"if","locations":[{"start":{"line":29,"column":0},"end":{"line":108,"column":1}},{"start":{"line":42,"column":7},"end":{"line":108,"column":1}}],"line":29},"1":{"loc":{"start":{"line":29,"column":4},"end":{"line":29,"column":61}},"type":"binary-expr","locations":[{"start":{"line":29,"column":4},"end":{"line":29,"column":20}},{"start":{"line":29,"column":24},"end":{"line":29,"column":61}}],"line":29},"2":{"loc":{"start":{"line":76,"column":4},"end":{"line":78,"column":5}},"type":"if","locations":[{"start":{"line":76,"column":4},"end":{"line":78,"column":5}},{"start":{},"end":{}}],"line":76},"3":{"loc":{"start":{"line":101,"column":4},"end":{"line":106,"column":5}},"type":"if","locations":[{"start":{"line":101,"column":4},"end":{"line":106,"column":5}},{"start":{},"end":{}}],"line":101},"4":{"loc":{"start":{"line":102,"column":21},"end":{"line":102,"column":45}},"type":"binary-expr","locations":[{"start":{"line":102,"column":21},"end":{"line":102,"column":37}},{"start":{"line":102,"column":41},"end":{"line":102,"column":45}}],"line":102}},"s":{"0":1,"1":1,"2":1,"3":1,"4":1,"5":1,"6":1,"7":1,"8":1,"9":1,"10":1,"11":1,"12":1,"13":1,"14":1,"15":1,"16":1,"17":1,"18":1,"19":1,"20":1,"21":0,"22":0,"23":0,"24":0,"25":0,"26":0,"27":0,"28":1,"29":1,"30":1,"31":1,"32":1,"33":1,"34":1,"35":1,"36":1,"37":1,"38":1,"39":1,"40":1,"41":1,"42":1,"43":0,"44":1,"45":0,"46":0,"47":0,"48":1,"49":0,"50":0,"51":0,"52":1,"53":1,"54":1,"55":0,"56":0,"57":0},"f":{"0":0,"1":0,"2":0,"3":0,"4":0,"5":0},"b":{"0":[0,1],"1":[1,1],"2":[0,1],"3":[0,1],"4":[0,0]},"_coverageSchema":"1a1c01bbd47fc00a2c39e90264f33305004495a9","hash":"1eee2296f23f0fe68187ed78a3076aa5b6d2b5d4"}
,"E:\\_business\\Nexus\\conaughe\\backend\\config\\db.js": {"path":"E:\\_business\\Nexus\\conaughe\\backend\\config\\db.js","statementMap":{"0":{"start":{"line":2,"column":17},"end":{"line":2,"column":36}},"1":{"start":{"line":4,"column":25},"end":{"line":21,"column":1}},"2":{"start":{"line":5,"column":4},"end":{"line":20,"column":5}},"3":{"start":{"line":6,"column":8},"end":{"line":14,"column":11}},"4":{"start":{"line":15,"column":8},"end":{"line":15,"column":54}},"5":{"start":{"line":17,"column":8},"end":{"line":17,"column":56}},"6":{"start":{"line":19,"column":8},"end":{"line":19,"column":43}},"7":{"start":{"line":24,"column":24},"end":{"line":28,"column":1}},"8":{"start":{"line":25,"column":4},"end":{"line":27,"column":7}},"9":{"start":{"line":26,"column":8},"end":{"line":26,"column":50}},"10":{"start":{"line":30,"column":0},"end":{"line":33,"column":2}}},"fnMap":{"0":{"name":"(anonymous_0)","decl":{"start":{"line":4,"column":25},"end":{"line":4,"column":26}},"loc":{"start":{"line":4,"column":37},"end":{"line":21,"column":1}},"line":4},"1":{"name":"(anonymous_1)","decl":{"start":{"line":24,"column":24},"end":{"line":24,"column":25}},"loc":{"start":{"line":24,"column":30},"end":{"line":28,"column":1}},"line":24},"2":{"name":"(anonymous_2)","decl":{"start":{"line":25,"column":37},"end":{"line":25,"column":38}},"loc":{"start":{"line":25,"column":43},"end":{"line":27,"column":5}},"line":25}},"branchMap":{},"s":{"0":1,"1":1,"2":0,"3":0,"4":0,"5":0,"6":0,"7":1,"8":0,"9":0,"10":1},"f":{"0":0,"1":0,"2":0},"b":{},"_coverageSchema":"1a1c01bbd47fc00a2c39e90264f33305004495a9","hash":"53b1e4907a1eac3e00dbe03f4e0e555b0c350b8d"}
,"E:\\_business\\Nexus\\conaughe\\backend\\config\\jwtConfig.js": {"path":"E:\\_business\\Nexus\\conaughe\\backend\\config\\jwtConfig.js","statementMap":{"0":{"start":{"line":2,"column":0},"end":{"line":2,"column":27}},"1":{"start":{"line":4,"column":18},"end":{"line":13,"column":1}},"2":{"start":{"line":16,"column":19},"end":{"line":23,"column":1}},"3":{"start":{"line":17,"column":4},"end":{"line":21,"column":5}},"4":{"start":{"line":18,"column":8},"end":{"line":18,"column":55}},"5":{"start":{"line":19,"column":11},"end":{"line":21,"column":5}},"6":{"start":{"line":20,"column":8},"end":{"line":20,"column":33}},"7":{"start":{"line":22,"column":4},"end":{"line":22,"column":16}},"8":{"start":{"line":25,"column":0},"end":{"line":25,"column":43}}},"fnMap":{"0":{"name":"(anonymous_0)","decl":{"start":{"line":16,"column":19},"end":{"line":16,"column":20}},"loc":{"start":{"line":16,"column":28},"end":{"line":23,"column":1}},"line":16}},"branchMap":{"0":{"loc":{"start":{"line":5,"column":12},"end":{"line":5,"column":40}},"type":"binary-expr","locations":[{"start":{"line":5,"column":12},"end":{"line":5,"column":34}},{"start":{"line":5,"column":38},"end":{"line":5,"column":40}}],"line":5},"1":{"loc":{"start":{"line":17,"column":4},"end":{"line":21,"column":5}},"type":"if","locations":[{"start":{"line":17,"column":4},"end":{"line":21,"column":5}},{"start":{"line":19,"column":11},"end":{"line":21,"column":5}}],"line":17},"2":{"loc":{"start":{"line":17,"column":8},"end":{"line":17,"column":83}},"type":"binary-expr","locations":[{"start":{"line":17,"column":8},"end":{"line":17,"column":33}},{"start":{"line":17,"column":37},"end":{"line":17,"column":83}}],"line":17},"3":{"loc":{"start":{"line":19,"column":11},"end":{"line":21,"column":5}},"type":"if","locations":[{"start":{"line":19,"column":11},"end":{"line":21,"column":5}},{"start":{},"end":{}}],"line":19},"4":{"loc":{"start":{"line":19,"column":15},"end":{"line":19,"column":47}},"type":"binary-expr","locations":[{"start":{"line":19,"column":15},"end":{"line":19,"column":26}},{"start":{"line":19,"column":30},"end":{"line":19,"column":47}}],"line":19}},"s":{"0":1,"1":1,"2":1,"3":0,"4":0,"5":0,"6":0,"7":0,"8":1},"f":{"0":0},"b":{"0":[1,0],"1":[0,0],"2":[0,0],"3":[0,0],"4":[0,0]},"_coverageSchema":"1a1c01bbd47fc00a2c39e90264f33305004495a9","hash":"9242b7b2de8d105a57882e1d40e4dd8a1bc6c0c9"}
,"E:\\_business\\Nexus\\conaughe\\backend\\controllers\\authController.js": {"path":"E:\\_business\\Nexus\\conaughe\\backend\\controllers\\authController.js","statementMap":{"0":{"start":{"line":3,"column":22},"end":{"line":3,"column":55}},"1":{"start":{"line":4,"column":13},"end":{"line":4,"column":38}},"2":{"start":{"line":5,"column":22},"end":{"line":5,"column":55}},"3":{"start":{"line":6,"column":21},"end":{"line":6,"column":51}},"4":{"start":{"line":7,"column":15},"end":{"line":7,"column":32}},"5":{"start":{"line":8,"column":18},"end":{"line":8,"column":47}},"6":{"start":{"line":13,"column":0},"end":{"line":39,"column":3}},"7":{"start":{"line":15,"column":30},"end":{"line":18,"column":22}},"8":{"start":{"line":20,"column":17},"end":{"line":23,"column":6}},"9":{"start":{"line":25,"column":4},"end":{"line":27,"column":5}},"10":{"start":{"line":26,"column":8},"end":{"line":26,"column":85}},"11":{"start":{"line":30,"column":4},"end":{"line":30,"column":25}},"12":{"start":{"line":31,"column":4},"end":{"line":31,"column":39}},"13":{"start":{"line":32,"column":4},"end":{"line":32,"column":45}},"14":{"start":{"line":33,"column":4},"end":{"line":33,"column":22}},"15":{"start":{"line":35,"column":4},"end":{"line":38,"column":7}},"16":{"start":{"line":44,"column":0},"end":{"line":76,"column":3}},"17":{"start":{"line":45,"column":17},"end":{"line":45,"column":49}},"18":{"start":{"line":47,"column":4},"end":{"line":49,"column":5}},"19":{"start":{"line":48,"column":8},"end":{"line":48,"column":70}},"20":{"start":{"line":52,"column":30},"end":{"line":52,"column":57}},"21":{"start":{"line":53,"column":4},"end":{"line":53,"column":22}},"22":{"start":{"line":56,"column":28},"end":{"line":56,"column":106}},"23":{"start":{"line":58,"column":4},"end":{"line":75,"column":5}},"24":{"start":{"line":59,"column":8},"end":{"line":63,"column":11}},"25":{"start":{"line":65,"column":8},"end":{"line":68,"column":11}},"26":{"start":{"line":70,"column":8},"end":{"line":70,"column":43}},"27":{"start":{"line":71,"column":8},"end":{"line":71,"column":49}},"28":{"start":{"line":72,"column":8},"end":{"line":72,"column":26}},"29":{"start":{"line":74,"column":8},"end":{"line":74,"column":71}},"30":{"start":{"line":79,"column":21},"end":{"line":106,"column":1}},"31":{"start":{"line":80,"column":4},"end":{"line":105,"column":5}},"32":{"start":{"line":81,"column":42},"end":{"line":81,"column":50}},"33":{"start":{"line":83,"column":27},"end":{"line":83,"column":56}},"34":{"start":{"line":85,"column":8},"end":{"line":87,"column":9}},"35":{"start":{"line":86,"column":12},"end":{"line":86,"column":74}},"36":{"start":{"line":89,"column":21},"end":{"line":93,"column":10}},"37":{"start":{"line":95,"column":8},"end":{"line":102,"column":9}},"38":{"start":{"line":96,"column":12},"end":{"line":101,"column":15}},"39":{"start":{"line":104,"column":8},"end":{"line":104,"column":55}},"40":{"start":{"line":108,"column":18},"end":{"line":127,"column":1}},"41":{"start":{"line":109,"column":4},"end":{"line":126,"column":5}},"42":{"start":{"line":110,"column":36},"end":{"line":110,"column":44}},"43":{"start":{"line":112,"column":21},"end":{"line":112,"column":70}},"44":{"start":{"line":114,"column":8},"end":{"line":123,"column":9}},"45":{"start":{"line":115,"column":12},"end":{"line":120,"column":15}},"46":{"start":{"line":122,"column":12},"end":{"line":122,"column":73}},"47":{"start":{"line":125,"column":8},"end":{"line":125,"column":55}},"48":{"start":{"line":130,"column":23},"end":{"line":140,"column":1}},"49":{"start":{"line":131,"column":4},"end":{"line":139,"column":5}},"50":{"start":{"line":132,"column":21},"end":{"line":132,"column":54}},"51":{"start":{"line":133,"column":8},"end":{"line":135,"column":9}},"52":{"start":{"line":134,"column":12},"end":{"line":134,"column":69}},"53":{"start":{"line":136,"column":8},"end":{"line":136,"column":23}},"54":{"start":{"line":138,"column":8},"end":{"line":138,"column":55}},"55":{"start":{"line":142,"column":26},"end":{"line":158,"column":1}},"56":{"start":{"line":143,"column":4},"end":{"line":157,"column":5}},"57":{"start":{"line":144,"column":21},"end":{"line":144,"column":54}},"58":{"start":{"line":145,"column":8},"end":{"line":147,"column":9}},"59":{"start":{"line":146,"column":12},"end":{"line":146,"column":69}},"60":{"start":{"line":148,"column":8},"end":{"line":148,"column":47}},"61":{"start":{"line":149,"column":8},"end":{"line":149,"column":50}},"62":{"start":{"line":150,"column":8},"end":{"line":152,"column":9}},"63":{"start":{"line":151,"column":12},"end":{"line":151,"column":46}},"64":{"start":{"line":153,"column":28},"end":{"line":153,"column":45}},"65":{"start":{"line":154,"column":8},"end":{"line":154,"column":30}},"66":{"start":{"line":156,"column":8},"end":{"line":156,"column":55}},"67":{"start":{"line":161,"column":0},"end":{"line":161,"column":80}}},"fnMap":{"0":{"name":"(anonymous_0)","decl":{"start":{"line":13,"column":35},"end":{"line":13,"column":36}},"loc":{"start":{"line":13,"column":61},"end":{"line":39,"column":1}},"line":13},"1":{"name":"(anonymous_1)","decl":{"start":{"line":44,"column":42},"end":{"line":44,"column":43}},"loc":{"start":{"line":44,"column":68},"end":{"line":76,"column":1}},"line":44},"2":{"name":"(anonymous_2)","decl":{"start":{"line":79,"column":21},"end":{"line":79,"column":22}},"loc":{"start":{"line":79,"column":41},"end":{"line":106,"column":1}},"line":79},"3":{"name":"(anonymous_3)","decl":{"start":{"line":108,"column":18},"end":{"line":108,"column":19}},"loc":{"start":{"line":108,"column":38},"end":{"line":127,"column":1}},"line":108},"4":{"name":"(anonymous_4)","decl":{"start":{"line":130,"column":23},"end":{"line":130,"column":24}},"loc":{"start":{"line":130,"column":43},"end":{"line":140,"column":1}},"line":130},"5":{"name":"(anonymous_5)","decl":{"start":{"line":142,"column":26},"end":{"line":142,"column":27}},"loc":{"start":{"line":142,"column":46},"end":{"line":158,"column":1}},"line":142}},"branchMap":{"0":{"loc":{"start":{"line":25,"column":4},"end":{"line":27,"column":5}},"type":"if","locations":[{"start":{"line":25,"column":4},"end":{"line":27,"column":5}},{"start":{},"end":{}}],"line":25},"1":{"loc":{"start":{"line":47,"column":4},"end":{"line":49,"column":5}},"type":"if","locations":[{"start":{"line":47,"column":4},"end":{"line":49,"column":5}},{"start":{},"end":{}}],"line":47},"2":{"loc":{"start":{"line":85,"column":8},"end":{"line":87,"column":9}},"type":"if","locations":[{"start":{"line":85,"column":8},"end":{"line":87,"column":9}},{"start":{},"end":{}}],"line":85},"3":{"loc":{"start":{"line":95,"column":8},"end":{"line":102,"column":9}},"type":"if","locations":[{"start":{"line":95,"column":8},"end":{"line":102,"column":9}},{"start":{},"end":{}}],"line":95},"4":{"loc":{"start":{"line":114,"column":8},"end":{"line":123,"column":9}},"type":"if","locations":[{"start":{"line":114,"column":8},"end":{"line":123,"column":9}},{"start":{"line":121,"column":15},"end":{"line":123,"column":9}}],"line":114},"5":{"loc":{"start":{"line":114,"column":12},"end":{"line":114,"column":56}},"type":"binary-expr","locations":[{"start":{"line":114,"column":12},"end":{"line":114,"column":16}},{"start":{"line":114,"column":21},"end":{"line":114,"column":55}}],"line":114},"6":{"loc":{"start":{"line":133,"column":8},"end":{"line":135,"column":9}},"type":"if","locations":[{"start":{"line":133,"column":8},"end":{"line":135,"column":9}},{"start":{},"end":{}}],"line":133},"7":{"loc":{"start":{"line":145,"column":8},"end":{"line":147,"column":9}},"type":"if","locations":[{"start":{"line":145,"column":8},"end":{"line":147,"column":9}},{"start":{},"end":{}}],"line":145},"8":{"loc":{"start":{"line":148,"column":20},"end":{"line":148,"column":46}},"type":"binary-expr","locations":[{"start":{"line":148,"column":20},"end":{"line":148,"column":33}},{"start":{"line":148,"column":37},"end":{"line":148,"column":46}}],"line":148},"9":{"loc":{"start":{"line":149,"column":21},"end":{"line":149,"column":49}},"type":"binary-expr","locations":[{"start":{"line":149,"column":21},"end":{"line":149,"column":35}},{"start":{"line":149,"column":39},"end":{"line":149,"column":49}}],"line":149},"10":{"loc":{"start":{"line":150,"column":8},"end":{"line":152,"column":9}},"type":"if","locations":[{"start":{"line":150,"column":8},"end":{"line":152,"column":9}},{"start":{},"end":{}}],"line":150}},"s":{"0":1,"1":1,"2":1,"3":1,"4":1,"5":1,"6":1,"7":0,"8":0,"9":0,"10":0,"11":0,"12":0,"13":0,"14":0,"15":0,"16":1,"17":0,"18":0,"19":0,"20":0,"21":0,"22":0,"23":0,"24":0,"25":0,"26":0,"27":0,"28":0,"29":0,"30":1,"31":0,"32":0,"33":0,"34":0,"35":0,"36":0,"37":0,"38":0,"39":0,"40":1,"41":0,"42":0,"43":0,"44":0,"45":0,"46":0,"47":0,"48":1,"49":0,"50":0,"51":0,"52":0,"53":0,"54":0,"55":1,"56":0,"57":0,"58":0,"59":0,"60":0,"61":0,"62":0,"63":0,"64":0,"65":0,"66":0,"67":1},"f":{"0":0,"1":0,"2":0,"3":0,"4":0,"5":0},"b":{"0":[0,0],"1":[0,0],"2":[0,0],"3":[0,0],"4":[0,0],"5":[0,0],"6":[0,0],"7":[0,0],"8":[0,0],"9":[0,0],"10":[0,0]},"_coverageSchema":"1a1c01bbd47fc00a2c39e90264f33305004495a9","hash":"7543caac17650ab29d41c0e76864c3c61204b15b"}
,"E:\\_business\\Nexus\\conaughe\\backend\\controllers\\instituteController.js": {"path":"E:\\_business\\Nexus\\conaughe\\backend\\controllers\\instituteController.js","statementMap":{"0":{"start":{"line":2,"column":18},"end":{"line":2,"column":48}},"1":{"start":{"line":3,"column":21},"end":{"line":3,"column":53}},"2":{"start":{"line":5,"column":26},"end":{"line":32,"column":2}},"3":{"start":{"line":6,"column":74},"end":{"line":6,"column":82}},"4":{"start":{"line":8,"column":28},"end":{"line":8,"column":61}},"5":{"start":{"line":9,"column":4},"end":{"line":12,"column":5}},"6":{"start":{"line":10,"column":8},"end":{"line":10,"column":24}},"7":{"start":{"line":11,"column":8},"end":{"line":11,"column":52}},"8":{"start":{"line":14,"column":22},"end":{"line":21,"column":6}},"9":{"start":{"line":23,"column":4},"end":{"line":31,"column":5}},"10":{"start":{"line":24,"column":8},"end":{"line":27,"column":11}},"11":{"start":{"line":29,"column":8},"end":{"line":29,"column":24}},"12":{"start":{"line":30,"column":8},"end":{"line":30,"column":50}},"13":{"start":{"line":34,"column":22},"end":{"line":59,"column":2}},"14":{"start":{"line":35,"column":17},"end":{"line":35,"column":46}},"15":{"start":{"line":36,"column":18},"end":{"line":36,"column":49}},"16":{"start":{"line":37,"column":17},"end":{"line":37,"column":35}},"17":{"start":{"line":39,"column":23},"end":{"line":45,"column":21}},"18":{"start":{"line":47,"column":18},"end":{"line":47,"column":50}},"19":{"start":{"line":49,"column":4},"end":{"line":58,"column":7}},"20":{"start":{"line":61,"column":25},"end":{"line":87,"column":2}},"21":{"start":{"line":62,"column":34},"end":{"line":62,"column":43}},"22":{"start":{"line":63,"column":16},"end":{"line":63,"column":18}},"23":{"start":{"line":65,"column":4},"end":{"line":67,"column":5}},"24":{"start":{"line":66,"column":8},"end":{"line":66,"column":37}},"25":{"start":{"line":69,"column":4},"end":{"line":71,"column":5}},"26":{"start":{"line":70,"column":8},"end":{"line":70,"column":26}},"27":{"start":{"line":73,"column":4},"end":{"line":75,"column":5}},"28":{"start":{"line":74,"column":8},"end":{"line":74,"column":72}},"29":{"start":{"line":77,"column":23},"end":{"line":81,"column":10}},"30":{"start":{"line":83,"column":4},"end":{"line":86,"column":7}},"31":{"start":{"line":89,"column":25},"end":{"line":105,"column":2}},"32":{"start":{"line":90,"column":22},"end":{"line":94,"column":10}},"33":{"start":{"line":96,"column":4},"end":{"line":99,"column":5}},"34":{"start":{"line":97,"column":8},"end":{"line":97,"column":24}},"35":{"start":{"line":98,"column":8},"end":{"line":98,"column":47}},"36":{"start":{"line":101,"column":4},"end":{"line":104,"column":7}},"37":{"start":{"line":107,"column":24},"end":{"line":125,"column":2}},"38":{"start":{"line":108,"column":22},"end":{"line":108,"column":61}},"39":{"start":{"line":110,"column":4},"end":{"line":113,"column":5}},"40":{"start":{"line":111,"column":8},"end":{"line":111,"column":24}},"41":{"start":{"line":112,"column":8},"end":{"line":112,"column":47}},"42":{"start":{"line":115,"column":29},"end":{"line":119,"column":5}},"43":{"start":{"line":121,"column":4},"end":{"line":124,"column":7}},"44":{"start":{"line":127,"column":24},"end":{"line":142,"column":2}},"45":{"start":{"line":128,"column":22},"end":{"line":128,"column":61}},"46":{"start":{"line":130,"column":4},"end":{"line":133,"column":5}},"47":{"start":{"line":131,"column":8},"end":{"line":131,"column":24}},"48":{"start":{"line":132,"column":8},"end":{"line":132,"column":47}},"49":{"start":{"line":135,"column":4},"end":{"line":135,"column":29}},"50":{"start":{"line":137,"column":4},"end":{"line":141,"column":7}},"51":{"start":{"line":144,"column":0},"end":{"line":151,"column":2}}},"fnMap":{"0":{"name":"(anonymous_0)","decl":{"start":{"line":5,"column":39},"end":{"line":5,"column":40}},"loc":{"start":{"line":5,"column":59},"end":{"line":32,"column":1}},"line":5},"1":{"name":"(anonymous_1)","decl":{"start":{"line":34,"column":35},"end":{"line":34,"column":36}},"loc":{"start":{"line":34,"column":55},"end":{"line":59,"column":1}},"line":34},"2":{"name":"(anonymous_2)","decl":{"start":{"line":61,"column":38},"end":{"line":61,"column":39}},"loc":{"start":{"line":61,"column":58},"end":{"line":87,"column":1}},"line":61},"3":{"name":"(anonymous_3)","decl":{"start":{"line":89,"column":38},"end":{"line":89,"column":39}},"loc":{"start":{"line":89,"column":58},"end":{"line":105,"column":1}},"line":89},"4":{"name":"(anonymous_4)","decl":{"start":{"line":107,"column":37},"end":{"line":107,"column":38}},"loc":{"start":{"line":107,"column":57},"end":{"line":125,"column":1}},"line":107},"5":{"name":"(anonymous_5)","decl":{"start":{"line":127,"column":37},"end":{"line":127,"column":38}},"loc":{"start":{"line":127,"column":57},"end":{"line":142,"column":1}},"line":127}},"branchMap":{"0":{"loc":{"start":{"line":9,"column":4},"end":{"line":12,"column":5}},"type":"if","locations":[{"start":{"line":9,"column":4},"end":{"line":12,"column":5}},{"start":{},"end":{}}],"line":9},"1":{"loc":{"start":{"line":23,"column":4},"end":{"line":31,"column":5}},"type":"if","locations":[{"start":{"line":23,"column":4},"end":{"line":31,"column":5}},{"start":{"line":28,"column":11},"end":{"line":31,"column":5}}],"line":23},"2":{"loc":{"start":{"line":35,"column":17},"end":{"line":35,"column":46}},"type":"binary-expr","locations":[{"start":{"line":35,"column":17},"end":{"line":35,"column":41}},{"start":{"line":35,"column":45},"end":{"line":35,"column":46}}],"line":35},"3":{"loc":{"start":{"line":36,"column":18},"end":{"line":36,"column":49}},"type":"binary-expr","locations":[{"start":{"line":36,"column":18},"end":{"line":36,"column":43}},{"start":{"line":36,"column":47},"end":{"line":36,"column":49}}],"line":36},"4":{"loc":{"start":{"line":65,"column":4},"end":{"line":67,"column":5}},"type":"if","locations":[{"start":{"line":65,"column":4},"end":{"line":67,"column":5}},{"start":{},"end":{}}],"line":65},"5":{"loc":{"start":{"line":69,"column":4},"end":{"line":71,"column":5}},"type":"if","locations":[{"start":{"line":69,"column":4},"end":{"line":71,"column":5}},{"start":{},"end":{}}],"line":69},"6":{"loc":{"start":{"line":73,"column":4},"end":{"line":75,"column":5}},"type":"if","locations":[{"start":{"line":73,"column":4},"end":{"line":75,"column":5}},{"start":{},"end":{}}],"line":73},"7":{"loc":{"start":{"line":96,"column":4},"end":{"line":99,"column":5}},"type":"if","locations":[{"start":{"line":96,"column":4},"end":{"line":99,"column":5}},{"start":{},"end":{}}],"line":96},"8":{"loc":{"start":{"line":110,"column":4},"end":{"line":113,"column":5}},"type":"if","locations":[{"start":{"line":110,"column":4},"end":{"line":113,"column":5}},{"start":{},"end":{}}],"line":110},"9":{"loc":{"start":{"line":130,"column":4},"end":{"line":133,"column":5}},"type":"if","locations":[{"start":{"line":130,"column":4},"end":{"line":133,"column":5}},{"start":{},"end":{}}],"line":130}},"s":{"0":1,"1":1,"2":1,"3":2,"4":2,"5":2,"6":1,"7":1,"8":1,"9":0,"10":0,"11":0,"12":0,"13":1,"14":2,"15":2,"16":2,"17":2,"18":2,"19":2,"20":1,"21":0,"22":0,"23":0,"24":0,"25":0,"26":0,"27":0,"28":0,"29":0,"30":0,"31":1,"32":0,"33":0,"34":0,"35":0,"36":0,"37":1,"38":0,"39":0,"40":0,"41":0,"42":0,"43":0,"44":1,"45":0,"46":0,"47":0,"48":0,"49":0,"50":0,"51":1},"f":{"0":2,"1":2,"2":0,"3":0,"4":0,"5":0},"b":{"0":[1,1],"1":[0,0],"2":[2,1],"3":[2,1],"4":[0,0],"5":[0,0],"6":[0,0],"7":[0,0],"8":[0,0],"9":[0,0]},"_coverageSchema":"1a1c01bbd47fc00a2c39e90264f33305004495a9","hash":"eba2b9fa2ebcb75dc43a77cd4b2ef9903923b000"}
,"E:\\_business\\Nexus\\conaughe\\backend\\controllers\\onboardingController.js": {"path":"E:\\_business\\Nexus\\conaughe\\backend\\controllers\\onboardingController.js","statementMap":{"0":{"start":{"line":2,"column":18},"end":{"line":2,"column":48}},"1":{"start":{"line":3,"column":13},"end":{"line":3,"column":38}},"2":{"start":{"line":4,"column":28},"end":{"line":4,"column":68}},"3":{"start":{"line":5,"column":22},"end":{"line":5,"column":55}},"4":{"start":{"line":6,"column":21},"end":{"line":6,"column":51}},"5":{"start":{"line":7,"column":18},"end":{"line":7,"column":47}},"6":{"start":{"line":12,"column":0},"end":{"line":66,"column":3}},"7":{"start":{"line":22,"column":8},"end":{"line":22,"column":16}},"8":{"start":{"line":25,"column":22},"end":{"line":29,"column":6}},"9":{"start":{"line":32,"column":17},"end":{"line":41,"column":6}},"10":{"start":{"line":44,"column":23},"end":{"line":48,"column":6}},"11":{"start":{"line":51,"column":30},"end":{"line":51,"column":57}},"12":{"start":{"line":52,"column":4},"end":{"line":52,"column":22}},"13":{"start":{"line":55,"column":28},"end":{"line":55,"column":106}},"14":{"start":{"line":56,"column":4},"end":{"line":60,"column":7}},"15":{"start":{"line":62,"column":4},"end":{"line":65,"column":7}},"16":{"start":{"line":71,"column":0},"end":{"line":124,"column":3}},"17":{"start":{"line":72,"column":23},"end":{"line":74,"column":6}},"18":{"start":{"line":76,"column":4},"end":{"line":78,"column":5}},"19":{"start":{"line":77,"column":8},"end":{"line":77,"column":75}},"20":{"start":{"line":81,"column":4},"end":{"line":83,"column":5}},"21":{"start":{"line":82,"column":8},"end":{"line":82,"column":67}},"22":{"start":{"line":85,"column":18},"end":{"line":85,"column":27}},"23":{"start":{"line":86,"column":22},"end":{"line":86,"column":24}},"24":{"start":{"line":88,"column":4},"end":{"line":113,"column":5}},"25":{"start":{"line":89,"column":21},"end":{"line":89,"column":31}},"26":{"start":{"line":92,"column":8},"end":{"line":94,"column":9}},"27":{"start":{"line":93,"column":12},"end":{"line":93,"column":80}},"28":{"start":{"line":97,"column":8},"end":{"line":99,"column":9}},"29":{"start":{"line":98,"column":12},"end":{"line":98,"column":71}},"30":{"start":{"line":102,"column":25},"end":{"line":102,"column":96}},"31":{"start":{"line":105,"column":8},"end":{"line":105,"column":69}},"32":{"start":{"line":108,"column":8},"end":{"line":112,"column":11}},"33":{"start":{"line":115,"column":4},"end":{"line":115,"column":37}},"34":{"start":{"line":116,"column":4},"end":{"line":116,"column":46}},"35":{"start":{"line":117,"column":4},"end":{"line":117,"column":40}},"36":{"start":{"line":118,"column":4},"end":{"line":118,"column":28}},"37":{"start":{"line":120,"column":4},"end":{"line":123,"column":7}},"38":{"start":{"line":129,"column":0},"end":{"line":172,"column":3}},"39":{"start":{"line":130,"column":30},"end":{"line":130,"column":38}},"40":{"start":{"line":132,"column":23},"end":{"line":132,"column":72}},"41":{"start":{"line":134,"column":4},"end":{"line":136,"column":5}},"42":{"start":{"line":135,"column":8},"end":{"line":135,"column":75}},"43":{"start":{"line":138,"column":4},"end":{"line":138,"column":31}},"44":{"start":{"line":139,"column":4},"end":{"line":139,"column":39}},"45":{"start":{"line":140,"column":4},"end":{"line":140,"column":40}},"46":{"start":{"line":142,"column":4},"end":{"line":147,"column":5}},"47":{"start":{"line":143,"column":8},"end":{"line":146,"column":11}},"48":{"start":{"line":149,"column":4},"end":{"line":164,"column":5}},"49":{"start":{"line":151,"column":8},"end":{"line":153,"column":11}},"50":{"start":{"line":156,"column":26},"end":{"line":156,"column":72}},"51":{"start":{"line":157,"column":22},"end":{"line":157,"column":59}},"52":{"start":{"line":159,"column":8},"end":{"line":163,"column":11}},"53":{"start":{"line":166,"column":4},"end":{"line":166,"column":28}},"54":{"start":{"line":168,"column":4},"end":{"line":171,"column":7}}},"fnMap":{"0":{"name":"(anonymous_0)","decl":{"start":{"line":12,"column":39},"end":{"line":12,"column":40}},"loc":{"start":{"line":12,"column":65},"end":{"line":66,"column":1}},"line":12},"1":{"name":"(anonymous_1)","decl":{"start":{"line":71,"column":39},"end":{"line":71,"column":40}},"loc":{"start":{"line":71,"column":65},"end":{"line":124,"column":1}},"line":71},"2":{"name":"(anonymous_2)","decl":{"start":{"line":129,"column":40},"end":{"line":129,"column":41}},"loc":{"start":{"line":129,"column":66},"end":{"line":172,"column":1}},"line":129}},"branchMap":{"0":{"loc":{"start":{"line":76,"column":4},"end":{"line":78,"column":5}},"type":"if","locations":[{"start":{"line":76,"column":4},"end":{"line":78,"column":5}},{"start":{},"end":{}}],"line":76},"1":{"loc":{"start":{"line":81,"column":4},"end":{"line":83,"column":5}},"type":"if","locations":[{"start":{"line":81,"column":4},"end":{"line":83,"column":5}},{"start":{},"end":{}}],"line":81},"2":{"loc":{"start":{"line":92,"column":8},"end":{"line":94,"column":9}},"type":"if","locations":[{"start":{"line":92,"column":8},"end":{"line":94,"column":9}},{"start":{},"end":{}}],"line":92},"3":{"loc":{"start":{"line":97,"column":8},"end":{"line":99,"column":9}},"type":"if","locations":[{"start":{"line":97,"column":8},"end":{"line":99,"column":9}},{"start":{},"end":{}}],"line":97},"4":{"loc":{"start":{"line":134,"column":4},"end":{"line":136,"column":5}},"type":"if","locations":[{"start":{"line":134,"column":4},"end":{"line":136,"column":5}},{"start":{},"end":{}}],"line":134},"5":{"loc":{"start":{"line":142,"column":4},"end":{"line":147,"column":5}},"type":"if","locations":[{"start":{"line":142,"column":4},"end":{"line":147,"column":5}},{"start":{},"end":{}}],"line":142},"6":{"loc":{"start":{"line":149,"column":4},"end":{"line":164,"column":5}},"type":"if","locations":[{"start":{"line":149,"column":4},"end":{"line":164,"column":5}},{"start":{},"end":{}}],"line":149}},"s":{"0":1,"1":1,"2":1,"3":1,"4":1,"5":1,"6":1,"7":0,"8":0,"9":0,"10":0,"11":0,"12":0,"13":0,"14":0,"15":0,"16":1,"17":0,"18":0,"19":0,"20":0,"21":0,"22":0,"23":0,"24":0,"25":0,"26":0,"27":0,"28":0,"29":0,"30":0,"31":0,"32":0,"33":0,"34":0,"35":0,"36":0,"37":0,"38":1,"39":0,"40":0,"41":0,"42":0,"43":0,"44":0,"45":0,"46":0,"47":0,"48":0,"49":0,"50":0,"51":0,"52":0,"53":0,"54":0},"f":{"0":0,"1":0,"2":0},"b":{"0":[0,0],"1":[0,0],"2":[0,0],"3":[0,0],"4":[0,0],"5":[0,0],"6":[0,0]},"_coverageSchema":"1a1c01bbd47fc00a2c39e90264f33305004495a9","hash":"b24a6e7e12796774e660e0d2c8295be0e32474df"}
,"E:\\_business\\Nexus\\conaughe\\backend\\controllers\\programController.js": {"path":"E:\\_business\\Nexus\\conaughe\\backend\\controllers\\programController.js","statementMap":{"0":{"start":{"line":2,"column":16},"end":{"line":2,"column":44}},"1":{"start":{"line":3,"column":18},"end":{"line":3,"column":48}},"2":{"start":{"line":4,"column":21},"end":{"line":4,"column":53}},"3":{"start":{"line":6,"column":22},"end":{"line":36,"column":2}},"4":{"start":{"line":7,"column":71},"end":{"line":7,"column":79}},"5":{"start":{"line":9,"column":27},"end":{"line":9,"column":62}},"6":{"start":{"line":10,"column":4},"end":{"line":13,"column":5}},"7":{"start":{"line":11,"column":8},"end":{"line":11,"column":24}},"8":{"start":{"line":12,"column":8},"end":{"line":12,"column":47}},"9":{"start":{"line":15,"column":20},"end":{"line":22,"column":6}},"10":{"start":{"line":24,"column":4},"end":{"line":35,"column":5}},"11":{"start":{"line":25,"column":8},"end":{"line":25,"column":50}},"12":{"start":{"line":26,"column":8},"end":{"line":26,"column":36}},"13":{"start":{"line":28,"column":8},"end":{"line":31,"column":11}},"14":{"start":{"line":33,"column":8},"end":{"line":33,"column":24}},"15":{"start":{"line":34,"column":8},"end":{"line":34,"column":48}},"16":{"start":{"line":38,"column":20},"end":{"line":65,"column":2}},"17":{"start":{"line":39,"column":17},"end":{"line":39,"column":46}},"18":{"start":{"line":40,"column":18},"end":{"line":40,"column":49}},"19":{"start":{"line":41,"column":17},"end":{"line":41,"column":35}},"20":{"start":{"line":43,"column":21},"end":{"line":50,"column":21}},"21":{"start":{"line":52,"column":18},"end":{"line":52,"column":48}},"22":{"start":{"line":54,"column":4},"end":{"line":64,"column":7}},"23":{"start":{"line":67,"column":23},"end":{"line":92,"column":2}},"24":{"start":{"line":68,"column":44},"end":{"line":68,"column":53}},"25":{"start":{"line":69,"column":16},"end":{"line":69,"column":18}},"26":{"start":{"line":71,"column":4},"end":{"line":76,"column":5}},"27":{"start":{"line":72,"column":8},"end":{"line":75,"column":10}},"28":{"start":{"line":78,"column":4},"end":{"line":78,"column":44}},"29":{"start":{"line":78,"column":18},"end":{"line":78,"column":44}},"30":{"start":{"line":79,"column":4},"end":{"line":79,"column":44}},"31":{"start":{"line":79,"column":18},"end":{"line":79,"column":44}},"32":{"start":{"line":80,"column":4},"end":{"line":80,"column":32}},"33":{"start":{"line":80,"column":14},"end":{"line":80,"column":32}},"34":{"start":{"line":82,"column":21},"end":{"line":86,"column":10}},"35":{"start":{"line":88,"column":4},"end":{"line":91,"column":7}},"36":{"start":{"line":94,"column":23},"end":{"line":110,"column":2}},"37":{"start":{"line":95,"column":20},"end":{"line":99,"column":10}},"38":{"start":{"line":101,"column":4},"end":{"line":104,"column":5}},"39":{"start":{"line":102,"column":8},"end":{"line":102,"column":24}},"40":{"start":{"line":103,"column":8},"end":{"line":103,"column":45}},"41":{"start":{"line":106,"column":4},"end":{"line":109,"column":7}},"42":{"start":{"line":112,"column":22},"end":{"line":130,"column":2}},"43":{"start":{"line":113,"column":20},"end":{"line":113,"column":57}},"44":{"start":{"line":115,"column":4},"end":{"line":118,"column":5}},"45":{"start":{"line":116,"column":8},"end":{"line":116,"column":24}},"46":{"start":{"line":117,"column":8},"end":{"line":117,"column":45}},"47":{"start":{"line":120,"column":27},"end":{"line":124,"column":5}},"48":{"start":{"line":126,"column":4},"end":{"line":129,"column":7}},"49":{"start":{"line":132,"column":22},"end":{"line":147,"column":2}},"50":{"start":{"line":133,"column":20},"end":{"line":133,"column":57}},"51":{"start":{"line":135,"column":4},"end":{"line":138,"column":5}},"52":{"start":{"line":136,"column":8},"end":{"line":136,"column":24}},"53":{"start":{"line":137,"column":8},"end":{"line":137,"column":45}},"54":{"start":{"line":140,"column":4},"end":{"line":140,"column":27}},"55":{"start":{"line":142,"column":4},"end":{"line":146,"column":7}},"56":{"start":{"line":149,"column":0},"end":{"line":156,"column":2}}},"fnMap":{"0":{"name":"(anonymous_0)","decl":{"start":{"line":6,"column":35},"end":{"line":6,"column":36}},"loc":{"start":{"line":6,"column":55},"end":{"line":36,"column":1}},"line":6},"1":{"name":"(anonymous_1)","decl":{"start":{"line":38,"column":33},"end":{"line":38,"column":34}},"loc":{"start":{"line":38,"column":53},"end":{"line":65,"column":1}},"line":38},"2":{"name":"(anonymous_2)","decl":{"start":{"line":67,"column":36},"end":{"line":67,"column":37}},"loc":{"start":{"line":67,"column":56},"end":{"line":92,"column":1}},"line":67},"3":{"name":"(anonymous_3)","decl":{"start":{"line":94,"column":36},"end":{"line":94,"column":37}},"loc":{"start":{"line":94,"column":56},"end":{"line":110,"column":1}},"line":94},"4":{"name":"(anonymous_4)","decl":{"start":{"line":112,"column":35},"end":{"line":112,"column":36}},"loc":{"start":{"line":112,"column":55},"end":{"line":130,"column":1}},"line":112},"5":{"name":"(anonymous_5)","decl":{"start":{"line":132,"column":35},"end":{"line":132,"column":36}},"loc":{"start":{"line":132,"column":55},"end":{"line":147,"column":1}},"line":132}},"branchMap":{"0":{"loc":{"start":{"line":10,"column":4},"end":{"line":13,"column":5}},"type":"if","locations":[{"start":{"line":10,"column":4},"end":{"line":13,"column":5}},{"start":{},"end":{}}],"line":10},"1":{"loc":{"start":{"line":24,"column":4},"end":{"line":35,"column":5}},"type":"if","locations":[{"start":{"line":24,"column":4},"end":{"line":35,"column":5}},{"start":{"line":32,"column":11},"end":{"line":35,"column":5}}],"line":24},"2":{"loc":{"start":{"line":39,"column":17},"end":{"line":39,"column":46}},"type":"binary-expr","locations":[{"start":{"line":39,"column":17},"end":{"line":39,"column":41}},{"start":{"line":39,"column":45},"end":{"line":39,"column":46}}],"line":39},"3":{"loc":{"start":{"line":40,"column":18},"end":{"line":40,"column":49}},"type":"binary-expr","locations":[{"start":{"line":40,"column":18},"end":{"line":40,"column":43}},{"start":{"line":40,"column":47},"end":{"line":40,"column":49}}],"line":40},"4":{"loc":{"start":{"line":71,"column":4},"end":{"line":76,"column":5}},"type":"if","locations":[{"start":{"line":71,"column":4},"end":{"line":76,"column":5}},{"start":{},"end":{}}],"line":71},"5":{"loc":{"start":{"line":78,"column":4},"end":{"line":78,"column":44}},"type":"if","locations":[{"start":{"line":78,"column":4},"end":{"line":78,"column":44}},{"start":{},"end":{}}],"line":78},"6":{"loc":{"start":{"line":79,"column":4},"end":{"line":79,"column":44}},"type":"if","locations":[{"start":{"line":79,"column":4},"end":{"line":79,"column":44}},{"start":{},"end":{}}],"line":79},"7":{"loc":{"start":{"line":80,"column":4},"end":{"line":80,"column":32}},"type":"if","locations":[{"start":{"line":80,"column":4},"end":{"line":80,"column":32}},{"start":{},"end":{}}],"line":80},"8":{"loc":{"start":{"line":101,"column":4},"end":{"line":104,"column":5}},"type":"if","locations":[{"start":{"line":101,"column":4},"end":{"line":104,"column":5}},{"start":{},"end":{}}],"line":101},"9":{"loc":{"start":{"line":115,"column":4},"end":{"line":118,"column":5}},"type":"if","locations":[{"start":{"line":115,"column":4},"end":{"line":118,"column":5}},{"start":{},"end":{}}],"line":115},"10":{"loc":{"start":{"line":135,"column":4},"end":{"line":138,"column":5}},"type":"if","locations":[{"start":{"line":135,"column":4},"end":{"line":138,"column":5}},{"start":{},"end":{}}],"line":135}},"s":{"0":1,"1":1,"2":1,"3":1,"4":0,"5":0,"6":0,"7":0,"8":0,"9":0,"10":0,"11":0,"12":0,"13":0,"14":0,"15":0,"16":1,"17":0,"18":0,"19":0,"20":0,"21":0,"22":0,"23":1,"24":0,"25":0,"26":0,"27":0,"28":0,"29":0,"30":0,"31":0,"32":0,"33":0,"34":0,"35":0,"36":1,"37":0,"38":0,"39":0,"40":0,"41":0,"42":1,"43":0,"44":0,"45":0,"46":0,"47":0,"48":0,"49":1,"50":0,"51":0,"52":0,"53":0,"54":0,"55":0,"56":1},"f":{"0":0,"1":0,"2":0,"3":0,"4":0,"5":0},"b":{"0":[0,0],"1":[0,0],"2":[0,0],"3":[0,0],"4":[0,0],"5":[0,0],"6":[0,0],"7":[0,0],"8":[0,0],"9":[0,0],"10":[0,0]},"_coverageSchema":"1a1c01bbd47fc00a2c39e90264f33305004495a9","hash":"b492aa1685bb7cef1bfa6b4d31d37cee838762d4"}
,"E:\\_business\\Nexus\\conaughe\\backend\\middleware\\async.js": {"path":"E:\\_business\\Nexus\\conaughe\\backend\\middleware\\async.js","statementMap":{"0":{"start":{"line":2,"column":21},"end":{"line":6,"column":1}},"1":{"start":{"line":3,"column":4},"end":{"line":5,"column":6}},"2":{"start":{"line":4,"column":8},"end":{"line":4,"column":63}},"3":{"start":{"line":8,"column":0},"end":{"line":8,"column":30}}},"fnMap":{"0":{"name":"(anonymous_0)","decl":{"start":{"line":2,"column":21},"end":{"line":2,"column":22}},"loc":{"start":{"line":2,"column":27},"end":{"line":6,"column":1}},"line":2},"1":{"name":"(anonymous_1)","decl":{"start":{"line":3,"column":11},"end":{"line":3,"column":12}},"loc":{"start":{"line":3,"column":36},"end":{"line":5,"column":5}},"line":3}},"branchMap":{},"s":{"0":2,"1":7,"2":2,"3":2},"f":{"0":7,"1":2},"b":{},"_coverageSchema":"1a1c01bbd47fc00a2c39e90264f33305004495a9","hash":"2ed4623489bd1837d7c7132bd38addbf523e03fd"}
,"E:\\_business\\Nexus\\conaughe\\backend\\middleware\\auth.js": {"path":"E:\\_business\\Nexus\\conaughe\\backend\\middleware\\auth.js","statementMap":{"0":{"start":{"line":1,"column":12},"end":{"line":1,"column":35}},"1":{"start":{"line":2,"column":13},"end":{"line":2,"column":38}},"2":{"start":{"line":4,"column":16},"end":{"line":40,"column":1}},"3":{"start":{"line":5,"column":4},"end":{"line":39,"column":5}},"4":{"start":{"line":8,"column":8},"end":{"line":32,"column":9}},"5":{"start":{"line":10,"column":12},"end":{"line":10,"column":60}},"6":{"start":{"line":13,"column":28},"end":{"line":13,"column":69}},"7":{"start":{"line":16,"column":25},"end":{"line":16,"column":77}},"8":{"start":{"line":17,"column":12},"end":{"line":22,"column":13}},"9":{"start":{"line":18,"column":16},"end":{"line":21,"column":19}},"10":{"start":{"line":25,"column":12},"end":{"line":25,"column":28}},"11":{"start":{"line":26,"column":12},"end":{"line":26,"column":19}},"12":{"start":{"line":28,"column":12},"end":{"line":31,"column":15}},"13":{"start":{"line":34,"column":8},"end":{"line":38,"column":11}},"14":{"start":{"line":42,"column":14},"end":{"line":51,"column":1}},"15":{"start":{"line":43,"column":4},"end":{"line":50,"column":5}},"16":{"start":{"line":44,"column":8},"end":{"line":44,"column":15}},"17":{"start":{"line":46,"column":8},"end":{"line":49,"column":11}},"18":{"start":{"line":53,"column":18},"end":{"line":64,"column":1}},"19":{"start":{"line":54,"column":4},"end":{"line":63,"column":6}},"20":{"start":{"line":55,"column":8},"end":{"line":62,"column":9}},"21":{"start":{"line":56,"column":12},"end":{"line":56,"column":19}},"22":{"start":{"line":58,"column":12},"end":{"line":61,"column":15}},"23":{"start":{"line":66,"column":0},"end":{"line":66,"column":47}}},"fnMap":{"0":{"name":"(anonymous_0)","decl":{"start":{"line":4,"column":16},"end":{"line":4,"column":17}},"loc":{"start":{"line":4,"column":42},"end":{"line":40,"column":1}},"line":4},"1":{"name":"(anonymous_1)","decl":{"start":{"line":42,"column":14},"end":{"line":42,"column":15}},"loc":{"start":{"line":42,"column":34},"end":{"line":51,"column":1}},"line":42},"2":{"name":"(anonymous_2)","decl":{"start":{"line":53,"column":18},"end":{"line":53,"column":19}},"loc":{"start":{"line":53,"column":32},"end":{"line":64,"column":1}},"line":53},"3":{"name":"(anonymous_3)","decl":{"start":{"line":54,"column":11},"end":{"line":54,"column":12}},"loc":{"start":{"line":54,"column":31},"end":{"line":63,"column":5}},"line":54}},"branchMap":{"0":{"loc":{"start":{"line":8,"column":8},"end":{"line":32,"column":9}},"type":"if","locations":[{"start":{"line":8,"column":8},"end":{"line":32,"column":9}},{"start":{"line":27,"column":15},"end":{"line":32,"column":9}}],"line":8},"1":{"loc":{"start":{"line":17,"column":12},"end":{"line":22,"column":13}},"type":"if","locations":[{"start":{"line":17,"column":12},"end":{"line":22,"column":13}},{"start":{},"end":{}}],"line":17},"2":{"loc":{"start":{"line":37,"column":21},"end":{"line":37,"column":87}},"type":"cond-expr","locations":[{"start":{"line":37,"column":62},"end":{"line":37,"column":75}},{"start":{"line":37,"column":78},"end":{"line":37,"column":87}}],"line":37},"3":{"loc":{"start":{"line":43,"column":4},"end":{"line":50,"column":5}},"type":"if","locations":[{"start":{"line":43,"column":4},"end":{"line":50,"column":5}},{"start":{"line":45,"column":11},"end":{"line":50,"column":5}}],"line":43},"4":{"loc":{"start":{"line":43,"column":8},"end":{"line":43,"column":55}},"type":"binary-expr","locations":[{"start":{"line":43,"column":8},"end":{"line":43,"column":16}},{"start":{"line":43,"column":20},"end":{"line":43,"column":55}}],"line":43},"5":{"loc":{"start":{"line":55,"column":8},"end":{"line":62,"column":9}},"type":"if","locations":[{"start":{"line":55,"column":8},"end":{"line":62,"column":9}},{"start":{"line":57,"column":15},"end":{"line":62,"column":9}}],"line":55},"6":{"loc":{"start":{"line":55,"column":12},"end":{"line":55,"column":53}},"type":"binary-expr","locations":[{"start":{"line":55,"column":12},"end":{"line":55,"column":20}},{"start":{"line":55,"column":24},"end":{"line":55,"column":53}}],"line":55}},"s":{"0":1,"1":1,"2":1,"3":2,"4":2,"5":2,"6":2,"7":2,"8":2,"9":0,"10":2,"11":2,"12":0,"13":0,"14":1,"15":2,"16":2,"17":0,"18":1,"19":2,"20":0,"21":0,"22":0,"23":1},"f":{"0":2,"1":2,"2":2,"3":0},"b":{"0":[2,0],"1":[0,2],"2":[0,0],"3":[2,0],"4":[2,2],"5":[0,0],"6":[0,0]},"_coverageSchema":"1a1c01bbd47fc00a2c39e90264f33305004495a9","hash":"dbb27f44edf76c6ff069526ca5a0832ef4ea76a9"}
,"E:\\_business\\Nexus\\conaughe\\backend\\middleware\\errorHandler.js": {"path":"E:\\_business\\Nexus\\conaughe\\backend\\middleware\\errorHandler.js","statementMap":{"0":{"start":{"line":2,"column":21},"end":{"line":34,"column":3}},"1":{"start":{"line":3,"column":4},"end":{"line":3,"column":23}},"2":{"start":{"line":6,"column":4},"end":{"line":12,"column":5}},"3":{"start":{"line":7,"column":23},"end":{"line":7,"column":76}},"4":{"start":{"line":7,"column":62},"end":{"line":7,"column":75}},"5":{"start":{"line":8,"column":6},"end":{"line":11,"column":9}},"6":{"start":{"line":15,"column":4},"end":{"line":20,"column":5}},"7":{"start":{"line":16,"column":6},"end":{"line":19,"column":9}},"8":{"start":{"line":23,"column":4},"end":{"line":28,"column":5}},"9":{"start":{"line":24,"column":6},"end":{"line":27,"column":9}},"10":{"start":{"line":30,"column":4},"end":{"line":33,"column":7}},"11":{"start":{"line":36,"column":2},"end":{"line":36,"column":32}}},"fnMap":{"0":{"name":"(anonymous_0)","decl":{"start":{"line":2,"column":21},"end":{"line":2,"column":22}},"loc":{"start":{"line":2,"column":46},"end":{"line":34,"column":3}},"line":2},"1":{"name":"(anonymous_1)","decl":{"start":{"line":7,"column":53},"end":{"line":7,"column":54}},"loc":{"start":{"line":7,"column":62},"end":{"line":7,"column":75}},"line":7}},"branchMap":{"0":{"loc":{"start":{"line":6,"column":4},"end":{"line":12,"column":5}},"type":"if","locations":[{"start":{"line":6,"column":4},"end":{"line":12,"column":5}},{"start":{},"end":{}}],"line":6},"1":{"loc":{"start":{"line":15,"column":4},"end":{"line":20,"column":5}},"type":"if","locations":[{"start":{"line":15,"column":4},"end":{"line":20,"column":5}},{"start":{},"end":{}}],"line":15},"2":{"loc":{"start":{"line":23,"column":4},"end":{"line":28,"column":5}},"type":"if","locations":[{"start":{"line":23,"column":4},"end":{"line":28,"column":5}},{"start":{},"end":{}}],"line":23},"3":{"loc":{"start":{"line":30,"column":15},"end":{"line":30,"column":36}},"type":"binary-expr","locations":[{"start":{"line":30,"column":15},"end":{"line":30,"column":29}},{"start":{"line":30,"column":33},"end":{"line":30,"column":36}}],"line":30},"4":{"loc":{"start":{"line":32,"column":13},"end":{"line":32,"column":42}},"type":"binary-expr","locations":[{"start":{"line":32,"column":13},"end":{"line":32,"column":24}},{"start":{"line":32,"column":28},"end":{"line":32,"column":42}}],"line":32}},"s":{"0":1,"1":2,"2":2,"3":1,"4":1,"5":1,"6":1,"7":0,"8":1,"9":0,"10":1,"11":1},"f":{"0":2,"1":1},"b":{"0":[1,1],"1":[0,1],"2":[0,1],"3":[1,1],"4":[1,0]},"_coverageSchema":"1a1c01bbd47fc00a2c39e90264f33305004495a9","hash":"8ecb3167c5670de692f91f7605f3f649d3a3d88f"}
,"E:\\_business\\Nexus\\conaughe\\backend\\middleware\\validation.js": {"path":"E:\\_business\\Nexus\\conaughe\\backend\\middleware\\validation.js","statementMap":{"0":{"start":{"line":2,"column":22},"end":{"line":2,"column":55}},"1":{"start":{"line":3,"column":13},"end":{"line":3,"column":28}},"2":{"start":{"line":5,"column":0},"end":{"line":75,"column":2}},"3":{"start":{"line":6,"column":4},"end":{"line":8,"column":5}},"4":{"start":{"line":7,"column":8},"end":{"line":7,"column":67}},"5":{"start":{"line":10,"column":18},"end":{"line":10,"column":27}},"6":{"start":{"line":11,"column":25},"end":{"line":11,"column":44}},"7":{"start":{"line":12,"column":30},"end":{"line":12,"column":78}},"8":{"start":{"line":13,"column":20},"end":{"line":13,"column":56}},"9":{"start":{"line":16,"column":29},"end":{"line":16,"column":47}},"10":{"start":{"line":17,"column":24},"end":{"line":17,"column":88}},"11":{"start":{"line":17,"column":56},"end":{"line":17,"column":87}},"12":{"start":{"line":19,"column":4},"end":{"line":26,"column":5}},"13":{"start":{"line":20,"column":8},"end":{"line":25,"column":10}},"14":{"start":{"line":29,"column":4},"end":{"line":72,"column":5}},"15":{"start":{"line":30,"column":21},"end":{"line":30,"column":31}},"16":{"start":{"line":33,"column":8},"end":{"line":40,"column":9}},"17":{"start":{"line":34,"column":12},"end":{"line":39,"column":14}},"18":{"start":{"line":43,"column":8},"end":{"line":50,"column":9}},"19":{"start":{"line":44,"column":12},"end":{"line":49,"column":14}},"20":{"start":{"line":53,"column":24},"end":{"line":53,"column":61}},"21":{"start":{"line":54,"column":8},"end":{"line":61,"column":9}},"22":{"start":{"line":55,"column":12},"end":{"line":60,"column":14}},"23":{"start":{"line":64,"column":8},"end":{"line":71,"column":9}},"24":{"start":{"line":65,"column":12},"end":{"line":70,"column":14}},"25":{"start":{"line":74,"column":4},"end":{"line":74,"column":11}}},"fnMap":{"0":{"name":"(anonymous_0)","decl":{"start":{"line":5,"column":28},"end":{"line":5,"column":29}},"loc":{"start":{"line":5,"column":48},"end":{"line":75,"column":1}},"line":5},"1":{"name":"(anonymous_1)","decl":{"start":{"line":17,"column":49},"end":{"line":17,"column":50}},"loc":{"start":{"line":17,"column":56},"end":{"line":17,"column":87}},"line":17}},"branchMap":{"0":{"loc":{"start":{"line":6,"column":4},"end":{"line":8,"column":5}},"type":"if","locations":[{"start":{"line":6,"column":4},"end":{"line":8,"column":5}},{"start":{},"end":{}}],"line":6},"1":{"loc":{"start":{"line":13,"column":20},"end":{"line":13,"column":56}},"type":"binary-expr","locations":[{"start":{"line":13,"column":20},"end":{"line":13,"column":45}},{"start":{"line":13,"column":49},"end":{"line":13,"column":56}}],"line":13},"2":{"loc":{"start":{"line":19,"column":4},"end":{"line":26,"column":5}},"type":"if","locations":[{"start":{"line":19,"column":4},"end":{"line":26,"column":5}},{"start":{},"end":{}}],"line":19},"3":{"loc":{"start":{"line":33,"column":8},"end":{"line":40,"column":9}},"type":"if","locations":[{"start":{"line":33,"column":8},"end":{"line":40,"column":9}},{"start":{},"end":{}}],"line":33},"4":{"loc":{"start":{"line":43,"column":8},"end":{"line":50,"column":9}},"type":"if","locations":[{"start":{"line":43,"column":8},"end":{"line":50,"column":9}},{"start":{},"end":{}}],"line":43},"5":{"loc":{"start":{"line":54,"column":8},"end":{"line":61,"column":9}},"type":"if","locations":[{"start":{"line":54,"column":8},"end":{"line":61,"column":9}},{"start":{},"end":{}}],"line":54},"6":{"loc":{"start":{"line":64,"column":8},"end":{"line":71,"column":9}},"type":"if","locations":[{"start":{"line":64,"column":8},"end":{"line":71,"column":9}},{"start":{},"end":{}}],"line":64}},"s":{"0":1,"1":1,"2":1,"3":0,"4":0,"5":0,"6":0,"7":0,"8":0,"9":0,"10":0,"11":0,"12":0,"13":0,"14":0,"15":0,"16":0,"17":0,"18":0,"19":0,"20":0,"21":0,"22":0,"23":0,"24":0,"25":0},"f":{"0":0,"1":0},"b":{"0":[0,0],"1":[0,0],"2":[0,0],"3":[0,0],"4":[0,0],"5":[0,0],"6":[0,0]},"_coverageSchema":"1a1c01bbd47fc00a2c39e90264f33305004495a9","hash":"931002943fe56caefdea1b6e6726318242beb027"}
,"E:\\_business\\Nexus\\conaughe\\backend\\models\\Institute.js": {"path":"E:\\_business\\Nexus\\conaughe\\backend\\models\\Institute.js","statementMap":{"0":{"start":{"line":2,"column":17},"end":{"line":2,"column":36}},"1":{"start":{"line":3,"column":16},"end":{"line":3,"column":34}},"2":{"start":{"line":4,"column":17},"end":{"line":4,"column":45}},"3":{"start":{"line":6,"column":24},"end":{"line":100,"column":2}},"4":{"start":{"line":103,"column":0},"end":{"line":106,"column":3}},"5":{"start":{"line":104,"column":4},"end":{"line":104,"column":52}},"6":{"start":{"line":105,"column":4},"end":{"line":105,"column":11}},"7":{"start":{"line":108,"column":0},"end":{"line":117,"column":1}},"8":{"start":{"line":110,"column":25},"end":{"line":110,"column":53}},"9":{"start":{"line":111,"column":4},"end":{"line":116,"column":8}},"10":{"start":{"line":111,"column":42},"end":{"line":116,"column":5}},"11":{"start":{"line":120,"column":0},"end":{"line":138,"column":3}},"12":{"start":{"line":121,"column":16},"end":{"line":121,"column":52}},"13":{"start":{"line":122,"column":4},"end":{"line":135,"column":5}},"14":{"start":{"line":123,"column":8},"end":{"line":131,"column":10}},"15":{"start":{"line":134,"column":8},"end":{"line":134,"column":29}},"16":{"start":{"line":137,"column":4},"end":{"line":137,"column":11}},"17":{"start":{"line":141,"column":0},"end":{"line":144,"column":3}},"18":{"start":{"line":142,"column":4},"end":{"line":142,"column":68}},"19":{"start":{"line":143,"column":4},"end":{"line":143,"column":11}},"20":{"start":{"line":146,"column":0},"end":{"line":146,"column":62}}},"fnMap":{"0":{"name":"(anonymous_0)","decl":{"start":{"line":103,"column":28},"end":{"line":103,"column":29}},"loc":{"start":{"line":103,"column":43},"end":{"line":106,"column":1}},"line":103},"1":{"name":"(anonymous_1)","decl":{"start":{"line":111,"column":35},"end":{"line":111,"column":36}},"loc":{"start":{"line":111,"column":42},"end":{"line":116,"column":5}},"line":111},"2":{"name":"(anonymous_2)","decl":{"start":{"line":120,"column":28},"end":{"line":120,"column":29}},"loc":{"start":{"line":120,"column":49},"end":{"line":138,"column":1}},"line":120},"3":{"name":"(anonymous_3)","decl":{"start":{"line":141,"column":30},"end":{"line":141,"column":31}},"loc":{"start":{"line":141,"column":51},"end":{"line":144,"column":1}},"line":141}},"branchMap":{"0":{"loc":{"start":{"line":108,"column":0},"end":{"line":117,"column":1}},"type":"if","locations":[{"start":{"line":108,"column":0},"end":{"line":117,"column":1}},{"start":{},"end":{}}],"line":108},"1":{"loc":{"start":{"line":122,"column":4},"end":{"line":135,"column":5}},"type":"if","locations":[{"start":{"line":122,"column":4},"end":{"line":135,"column":5}},{"start":{"line":132,"column":10},"end":{"line":135,"column":5}}],"line":122},"2":{"loc":{"start":{"line":122,"column":8},"end":{"line":122,"column":44}},"type":"binary-expr","locations":[{"start":{"line":122,"column":8},"end":{"line":122,"column":26}},{"start":{"line":122,"column":30},"end":{"line":122,"column":44}}],"line":122}},"s":{"0":1,"1":1,"2":1,"3":1,"4":1,"5":4,"6":4,"7":1,"8":1,"9":1,"10":0,"11":1,"12":4,"13":4,"14":4,"15":0,"16":4,"17":1,"18":0,"19":0,"20":1},"f":{"0":4,"1":0,"2":4,"3":0},"b":{"0":[1,0],"1":[4,0],"2":[4,4]},"_coverageSchema":"1a1c01bbd47fc00a2c39e90264f33305004495a9","hash":"7053d6629ced0bfa189bb9ce85ea23be0fddb0bf"}
,"E:\\_business\\Nexus\\conaughe\\backend\\models\\InstituteOnboarding.js": {"path":"E:\\_business\\Nexus\\conaughe\\backend\\models\\InstituteOnboarding.js","statementMap":{"0":{"start":{"line":2,"column":17},"end":{"line":2,"column":36}},"1":{"start":{"line":4,"column":34},"end":{"line":61,"column":2}},"2":{"start":{"line":63,"column":0},"end":{"line":63,"column":82}}},"fnMap":{},"branchMap":{},"s":{"0":1,"1":1,"2":1},"f":{},"b":{},"_coverageSchema":"1a1c01bbd47fc00a2c39e90264f33305004495a9","hash":"37ea3bd6b847abf028b9b960017cf318b12c4871"}
,"E:\\_business\\Nexus\\conaughe\\backend\\models\\Program.js": {"path":"E:\\_business\\Nexus\\conaughe\\backend\\models\\Program.js","statementMap":{"0":{"start":{"line":2,"column":17},"end":{"line":2,"column":36}},"1":{"start":{"line":3,"column":16},"end":{"line":3,"column":34}},"2":{"start":{"line":6,"column":22},"end":{"line":92,"column":2}},"3":{"start":{"line":95,"column":0},"end":{"line":98,"column":3}},"4":{"start":{"line":96,"column":4},"end":{"line":96,"column":52}},"5":{"start":{"line":97,"column":4},"end":{"line":97,"column":11}},"6":{"start":{"line":100,"column":0},"end":{"line":100,"column":58}}},"fnMap":{"0":{"name":"(anonymous_0)","decl":{"start":{"line":95,"column":26},"end":{"line":95,"column":27}},"loc":{"start":{"line":95,"column":41},"end":{"line":98,"column":1}},"line":95}},"branchMap":{},"s":{"0":1,"1":1,"2":1,"3":1,"4":0,"5":0,"6":1},"f":{"0":0},"b":{},"_coverageSchema":"1a1c01bbd47fc00a2c39e90264f33305004495a9","hash":"d7987dfe4cd55a3c7d4712d1c415cd1bc80a16dc"}
,"E:\\_business\\Nexus\\conaughe\\backend\\routes\\authRoutes.js": {"path":"E:\\_business\\Nexus\\conaughe\\backend\\routes\\authRoutes.js","statementMap":{"0":{"start":{"line":2,"column":16},"end":{"line":2,"column":34}},"1":{"start":{"line":3,"column":15},"end":{"line":3,"column":31}},"2":{"start":{"line":4,"column":71},"end":{"line":4,"column":111}},"3":{"start":{"line":5,"column":20},"end":{"line":5,"column":49}},"4":{"start":{"line":7,"column":0},"end":{"line":7,"column":39}},"5":{"start":{"line":8,"column":0},"end":{"line":8,"column":33}},"6":{"start":{"line":9,"column":0},"end":{"line":11,"column":37}},"7":{"start":{"line":13,"column":0},"end":{"line":13,"column":24}}},"fnMap":{},"branchMap":{},"s":{"0":1,"1":1,"2":1,"3":1,"4":1,"5":1,"6":1,"7":1},"f":{},"b":{},"_coverageSchema":"1a1c01bbd47fc00a2c39e90264f33305004495a9","hash":"74eeb9bb29b07dfd7a98f96c3d876b24fcd4660c"}
,"E:\\_business\\Nexus\\conaughe\\backend\\routes\\instituteRoutes.js": {"path":"E:\\_business\\Nexus\\conaughe\\backend\\routes\\instituteRoutes.js","statementMap":{"0":{"start":{"line":2,"column":16},"end":{"line":2,"column":34}},"1":{"start":{"line":3,"column":15},"end":{"line":3,"column":31}},"2":{"start":{"line":4,"column":27},"end":{"line":4,"column":56}},"3":{"start":{"line":12,"column":4},"end":{"line":12,"column":49}},"4":{"start":{"line":14,"column":0},"end":{"line":16,"column":24}},"5":{"start":{"line":18,"column":0},"end":{"line":18,"column":40}},"6":{"start":{"line":20,"column":0},"end":{"line":23,"column":45}},"7":{"start":{"line":25,"column":0},"end":{"line":25,"column":24}}},"fnMap":{},"branchMap":{},"s":{"0":1,"1":1,"2":1,"3":1,"4":1,"5":1,"6":1,"7":1},"f":{},"b":{},"_coverageSchema":"1a1c01bbd47fc00a2c39e90264f33305004495a9","hash":"ef2f44477b9c0c0e41f9698135674b88ce3d75e8"}
,"E:\\_business\\Nexus\\conaughe\\backend\\routes\\onboarding.js": {"path":"E:\\_business\\Nexus\\conaughe\\backend\\routes\\onboarding.js","statementMap":{"0":{"start":{"line":2,"column":16},"end":{"line":2,"column":34}},"1":{"start":{"line":3,"column":15},"end":{"line":3,"column":31}},"2":{"start":{"line":4,"column":31},"end":{"line":4,"column":60}},"3":{"start":{"line":5,"column":30},"end":{"line":5,"column":65}},"4":{"start":{"line":11,"column":4},"end":{"line":11,"column":50}},"5":{"start":{"line":13,"column":0},"end":{"line":13,"column":39}},"6":{"start":{"line":15,"column":0},"end":{"line":21,"column":2}},"7":{"start":{"line":23,"column":0},"end":{"line":28,"column":2}},"8":{"start":{"line":30,"column":0},"end":{"line":30,"column":24}}},"fnMap":{},"branchMap":{},"s":{"0":1,"1":1,"2":1,"3":1,"4":1,"5":1,"6":1,"7":1,"8":1},"f":{},"b":{},"_coverageSchema":"1a1c01bbd47fc00a2c39e90264f33305004495a9","hash":"ca392b53b444389aff994912ca042d154d09eaf7"}
,"E:\\_business\\Nexus\\conaughe\\backend\\routes\\programRoutes.js": {"path":"E:\\_business\\Nexus\\conaughe\\backend\\routes\\programRoutes.js","statementMap":{"0":{"start":{"line":3,"column":16},"end":{"line":3,"column":34}},"1":{"start":{"line":4,"column":15},"end":{"line":4,"column":31}},"2":{"start":{"line":5,"column":27},"end":{"line":5,"column":56}},"3":{"start":{"line":13,"column":4},"end":{"line":13,"column":47}},"4":{"start":{"line":15,"column":0},"end":{"line":17,"column":22}},"5":{"start":{"line":19,"column":0},"end":{"line":19,"column":38}},"6":{"start":{"line":21,"column":0},"end":{"line":24,"column":43}},"7":{"start":{"line":26,"column":0},"end":{"line":26,"column":24}}},"fnMap":{},"branchMap":{},"s":{"0":1,"1":1,"2":1,"3":1,"4":1,"5":1,"6":1,"7":1},"f":{},"b":{},"_coverageSchema":"1a1c01bbd47fc00a2c39e90264f33305004495a9","hash":"9e25dd2da3ae2e078dea470e5208ff06d0ebbc51"}
,"E:\\_business\\Nexus\\conaughe\\backend\\tests\\setup.js": {"path":"E:\\_business\\Nexus\\conaughe\\backend\\tests\\setup.js","statementMap":{"0":{"start":{"line":1,"column":17},"end":{"line":1,"column":36}},"1":{"start":{"line":2,"column":30},"end":{"line":2,"column":62}},"2":{"start":{"line":7,"column":0},"end":{"line":7,"column":92}},"3":{"start":{"line":8,"column":0},"end":{"line":8,"column":30}},"4":{"start":{"line":11,"column":0},"end":{"line":35,"column":2}},"5":{"start":{"line":12,"column":4},"end":{"line":34,"column":5}},"6":{"start":{"line":14,"column":8},"end":{"line":17,"column":9}},"7":{"start":{"line":15,"column":12},"end":{"line":15,"column":93}},"8":{"start":{"line":16,"column":12},"end":{"line":16,"column":40}},"9":{"start":{"line":20,"column":8},"end":{"line":20,"column":50}},"10":{"start":{"line":21,"column":20},"end":{"line":21,"column":35}},"11":{"start":{"line":24,"column":8},"end":{"line":28,"column":11}},"12":{"start":{"line":30,"column":8},"end":{"line":30,"column":68}},"13":{"start":{"line":32,"column":8},"end":{"line":32,"column":63}},"14":{"start":{"line":33,"column":8},"end":{"line":33,"column":20}},"15":{"start":{"line":38,"column":0},"end":{"line":50,"column":2}},"16":{"start":{"line":39,"column":4},"end":{"line":49,"column":5}},"17":{"start":{"line":40,"column":8},"end":{"line":45,"column":9}},"18":{"start":{"line":41,"column":12},"end":{"line":41,"column":53}},"19":{"start":{"line":42,"column":12},"end":{"line":42,"column":46}},"20":{"start":{"line":43,"column":12},"end":{"line":43,"column":32}},"21":{"start":{"line":44,"column":12},"end":{"line":44,"column":77}},"22":{"start":{"line":47,"column":8},"end":{"line":47,"column":60}},"23":{"start":{"line":48,"column":8},"end":{"line":48,"column":20}},"24":{"start":{"line":53,"column":0},"end":{"line":65,"column":2}},"25":{"start":{"line":54,"column":4},"end":{"line":64,"column":5}},"26":{"start":{"line":55,"column":28},"end":{"line":55,"column":59}},"27":{"start":{"line":56,"column":8},"end":{"line":59,"column":9}},"28":{"start":{"line":57,"column":31},"end":{"line":57,"column":47}},"29":{"start":{"line":58,"column":12},"end":{"line":58,"column":42}},"30":{"start":{"line":60,"column":8},"end":{"line":60,"column":58}},"31":{"start":{"line":62,"column":8},"end":{"line":62,"column":67}},"32":{"start":{"line":63,"column":8},"end":{"line":63,"column":20}},"33":{"start":{"line":68,"column":0},"end":{"line":76,"column":2}},"34":{"start":{"line":69,"column":4},"end":{"line":75,"column":5}},"35":{"start":{"line":70,"column":24},"end":{"line":70,"column":48}},"36":{"start":{"line":71,"column":8},"end":{"line":71,"column":23}},"37":{"start":{"line":73,"column":8},"end":{"line":73,"column":71}},"38":{"start":{"line":74,"column":8},"end":{"line":74,"column":20}}},"fnMap":{"0":{"name":"(anonymous_0)","decl":{"start":{"line":11,"column":25},"end":{"line":11,"column":26}},"loc":{"start":{"line":11,"column":37},"end":{"line":35,"column":1}},"line":11},"1":{"name":"(anonymous_1)","decl":{"start":{"line":38,"column":31},"end":{"line":38,"column":32}},"loc":{"start":{"line":38,"column":43},"end":{"line":50,"column":1}},"line":38},"2":{"name":"(anonymous_2)","decl":{"start":{"line":53,"column":31},"end":{"line":53,"column":32}},"loc":{"start":{"line":53,"column":43},"end":{"line":65,"column":1}},"line":53},"3":{"name":"(anonymous_3)","decl":{"start":{"line":68,"column":32},"end":{"line":68,"column":33}},"loc":{"start":{"line":68,"column":55},"end":{"line":76,"column":1}},"line":68}},"branchMap":{"0":{"loc":{"start":{"line":14,"column":8},"end":{"line":17,"column":9}},"type":"if","locations":[{"start":{"line":14,"column":8},"end":{"line":17,"column":9}},{"start":{},"end":{}}],"line":14},"1":{"loc":{"start":{"line":40,"column":8},"end":{"line":45,"column":9}},"type":"if","locations":[{"start":{"line":40,"column":8},"end":{"line":45,"column":9}},{"start":{},"end":{}}],"line":40}},"s":{"0":1,"1":1,"2":1,"3":1,"4":1,"5":1,"6":1,"7":1,"8":1,"9":1,"10":1,"11":1,"12":1,"13":0,"14":0,"15":1,"16":1,"17":1,"18":1,"19":1,"20":1,"21":1,"22":0,"23":0,"24":1,"25":4,"26":4,"27":4,"28":12,"29":12,"30":4,"31":0,"32":0,"33":1,"34":0,"35":0,"36":0,"37":0,"38":0},"f":{"0":1,"1":1,"2":4,"3":0},"b":{"0":[1,0],"1":[1,0]},"_coverageSchema":"1a1c01bbd47fc00a2c39e90264f33305004495a9","hash":"c94347c449eb9208057deb9ef1a6b5e230282830"}
,"E:\\_business\\Nexus\\conaughe\\backend\\utils\\errorResponse.js": {"path":"E:\\_business\\Nexus\\conaughe\\backend\\utils\\errorResponse.js","statementMap":{"0":{"start":{"line":4,"column":8},"end":{"line":4,"column":23}},"1":{"start":{"line":5,"column":8},"end":{"line":5,"column":37}},"2":{"start":{"line":9,"column":0},"end":{"line":9,"column":31}}},"fnMap":{"0":{"name":"(anonymous_0)","decl":{"start":{"line":3,"column":4},"end":{"line":3,"column":5}},"loc":{"start":{"line":3,"column":37},"end":{"line":6,"column":5}},"line":3}},"branchMap":{},"s":{"0":0,"1":0,"2":1},"f":{"0":0},"b":{},"_coverageSchema":"1a1c01bbd47fc00a2c39e90264f33305004495a9","hash":"f7e22eb41703176fce24723ca244884664a9c5c3"}
,"E:\\_business\\Nexus\\conaughe\\backend\\utils\\generateToken.js": {"path":"E:\\_business\\Nexus\\conaughe\\backend\\utils\\generateToken.js","statementMap":{"0":{"start":{"line":1,"column":12},"end":{"line":1,"column":35}},"1":{"start":{"line":3,"column":22},"end":{"line":15,"column":1}},"2":{"start":{"line":4,"column":2},"end":{"line":14,"column":4}},"3":{"start":{"line":17,"column":0},"end":{"line":17,"column":31}}},"fnMap":{"0":{"name":"(anonymous_0)","decl":{"start":{"line":3,"column":22},"end":{"line":3,"column":23}},"loc":{"start":{"line":3,"column":32},"end":{"line":15,"column":1}},"line":3}},"branchMap":{"0":{"loc":{"start":{"line":10,"column":4},"end":{"line":10,"column":47}},"type":"binary-expr","locations":[{"start":{"line":10,"column":4},"end":{"line":10,"column":26}},{"start":{"line":10,"column":30},"end":{"line":10,"column":47}}],"line":10}},"s":{"0":1,"1":1,"2":0,"3":1},"f":{"0":0},"b":{"0":[0,0]},"_coverageSchema":"1a1c01bbd47fc00a2c39e90264f33305004495a9","hash":"8520b00a3101f35a0e76323f9f839f5e6237a6f3"}
,"E:\\_business\\Nexus\\conaughe\\backend\\utils\\sendEmail.js": {"path":"E:\\_business\\Nexus\\conaughe\\backend\\utils\\sendEmail.js","statementMap":{"0":{"start":{"line":2,"column":19},"end":{"line":2,"column":40}},"1":{"start":{"line":4,"column":18},"end":{"line":28,"column":1}},"2":{"start":{"line":6,"column":24},"end":{"line":13,"column":6}},"3":{"start":{"line":16,"column":24},"end":{"line":22,"column":5}},"4":{"start":{"line":25,"column":17},"end":{"line":25,"column":56}},"5":{"start":{"line":27,"column":4},"end":{"line":27,"column":48}},"6":{"start":{"line":30,"column":0},"end":{"line":30,"column":27}}},"fnMap":{"0":{"name":"(anonymous_0)","decl":{"start":{"line":4,"column":18},"end":{"line":4,"column":19}},"loc":{"start":{"line":4,"column":37},"end":{"line":28,"column":1}},"line":4}},"branchMap":{},"s":{"0":1,"1":1,"2":0,"3":0,"4":0,"5":0,"6":1},"f":{"0":0},"b":{},"_coverageSchema":"1a1c01bbd47fc00a2c39e90264f33305004495a9","hash":"e02e53cae6d515f5ab834fc942446304a89eb408"}
}
